2025-06-16 10:59:18 [restartedMain] INFO  c.a.a.AuthenticationappApplication - Starting AuthenticationappApplication using Java 17.0.13 with PID 74355 (/Users/mumuhoza/Dev/Authentication_App/target/classes started by mumuhoza in /Users/mumuhoza/Dev/Authentication_App)
2025-06-16 10:59:18 [restartedMain] INFO  c.a.a.AuthenticationappApplication - No active profile set, falling back to 1 default profile: "default"
2025-06-16 10:59:18 [restartedMain] INFO  o.s.b.d.e.DevToolsPropertyDefaultsPostProcessor - Devtools property defaults active! Set 'spring.devtools.add-properties' to 'false' to disable
2025-06-16 10:59:18 [restartedMain] INFO  o.s.b.d.e.DevToolsPropertyDefaultsPostProcessor - For additional web related logging consider setting the 'logging.level.web' property to 'DEBUG'
2025-06-16 10:59:18 [restartedMain] INFO  o.s.d.r.c.RepositoryConfigurationDelegate - Multiple Spring Data modules found, entering strict repository configuration mode
2025-06-16 10:59:18 [restartedMain] INFO  o.s.d.r.c.RepositoryConfigurationDelegate - Bootstrapping Spring Data Redis repositories in DEFAULT mode.
2025-06-16 10:59:18 [restartedMain] INFO  o.s.d.r.c.RepositoryConfigurationDelegate - Finished Spring Data repository scanning in 5 ms. Found 0 Redis repository interfaces.
2025-06-16 10:59:18 [restartedMain] INFO  o.s.b.w.e.tomcat.TomcatWebServer - Tomcat initialized with port 8060 (http)
2025-06-16 10:59:18 [restartedMain] INFO  o.a.coyote.http11.Http11NioProtocol - Initializing ProtocolHandler ["http-nio-8060"]
2025-06-16 10:59:18 [restartedMain] INFO  o.a.catalina.core.StandardService - Starting service [Tomcat]
2025-06-16 10:59:18 [restartedMain] INFO  o.a.catalina.core.StandardEngine - Starting Servlet engine: [Apache Tomcat/10.1.25]
2025-06-16 10:59:18 [restartedMain] INFO  o.a.c.c.C.[Tomcat].[localhost].[/] - Initializing Spring embedded WebApplicationContext
2025-06-16 10:59:18 [restartedMain] INFO  o.s.b.w.s.c.ServletWebServerApplicationContext - Root WebApplicationContext: initialization completed in 383 ms
2025-06-16 10:59:18 [restartedMain] INFO  o.s.b.d.a.OptionalLiveReloadServer - LiveReload server is running on port 35729
2025-06-16 10:59:18 [restartedMain] INFO  o.a.coyote.http11.Http11NioProtocol - Starting ProtocolHandler ["http-nio-8060"]
2025-06-16 10:59:18 [restartedMain] INFO  o.s.b.w.e.tomcat.TomcatWebServer - Tomcat started on port 8060 (http) with context path '/'
2025-06-16 10:59:18 [restartedMain] INFO  c.a.a.AuthenticationappApplication - Started AuthenticationappApplication in 0.869 seconds (process running for 1.111)
2025-06-16 10:59:31 [File Watcher] INFO  o.s.b.d.a.LocalDevToolsAutoConfiguration$RestartingClassPathChangeChangedEventListener - Restarting due to 14 class path changes (0 additions, 0 deletions, 14 modifications)
2025-06-16 10:59:31 [Thread-5] INFO  o.a.coyote.http11.Http11NioProtocol - Stopping ProtocolHandler ["http-nio-8060"]
2025-06-16 10:59:31 [restartedMain] INFO  c.a.a.AuthenticationappApplication - Starting AuthenticationappApplication using Java 17.0.13 with PID 74355 (/Users/mumuhoza/Dev/Authentication_App/target/classes started by mumuhoza in /Users/mumuhoza/Dev/Authentication_App)
2025-06-16 10:59:31 [restartedMain] INFO  c.a.a.AuthenticationappApplication - No active profile set, falling back to 1 default profile: "default"
2025-06-16 10:59:31 [restartedMain] INFO  o.s.d.r.c.RepositoryConfigurationDelegate - Multiple Spring Data modules found, entering strict repository configuration mode
2025-06-16 10:59:31 [restartedMain] INFO  o.s.d.r.c.RepositoryConfigurationDelegate - Bootstrapping Spring Data Redis repositories in DEFAULT mode.
2025-06-16 10:59:31 [restartedMain] INFO  o.s.d.r.c.RepositoryConfigurationDelegate - Finished Spring Data repository scanning in 0 ms. Found 0 Redis repository interfaces.
2025-06-16 10:59:31 [restartedMain] INFO  o.s.b.w.e.tomcat.TomcatWebServer - Tomcat initialized with port 8060 (http)
2025-06-16 10:59:31 [restartedMain] INFO  o.a.coyote.http11.Http11NioProtocol - Initializing ProtocolHandler ["http-nio-8060"]
2025-06-16 10:59:31 [restartedMain] INFO  o.a.catalina.core.StandardService - Starting service [Tomcat]
2025-06-16 10:59:31 [restartedMain] INFO  o.a.catalina.core.StandardEngine - Starting Servlet engine: [Apache Tomcat/10.1.25]
2025-06-16 10:59:31 [restartedMain] INFO  o.a.c.c.C.[Tomcat].[localhost].[/] - Initializing Spring embedded WebApplicationContext
2025-06-16 10:59:31 [restartedMain] INFO  o.s.b.w.s.c.ServletWebServerApplicationContext - Root WebApplicationContext: initialization completed in 73 ms
2025-06-16 10:59:31 [restartedMain] INFO  o.s.b.d.a.OptionalLiveReloadServer - LiveReload server is running on port 35729
2025-06-16 10:59:31 [restartedMain] INFO  o.a.coyote.http11.Http11NioProtocol - Starting ProtocolHandler ["http-nio-8060"]
2025-06-16 10:59:31 [restartedMain] INFO  o.s.b.w.e.tomcat.TomcatWebServer - Tomcat started on port 8060 (http) with context path '/'
2025-06-16 10:59:31 [restartedMain] INFO  c.a.a.AuthenticationappApplication - Started AuthenticationappApplication in 0.125 seconds (process running for 13.607)
2025-06-16 10:59:31 [restartedMain] INFO  o.s.b.d.a.ConditionEvaluationDeltaLoggingListener - Condition evaluation unchanged
