2024-07-24 10:36:17 [restartedMain] INFO  c.a.a.AuthenticationappApplication - Starting AuthenticationappApplication using Java 17.0.11 with PID 20780 (C:\Users\mumuhoza\dev\Authentication_App\target\classes started by mumuhoza in C:\Users\mumuhoza\dev\Authentication_App)
2024-07-24 10:36:17 [restartedMain] INFO  c.a.a.AuthenticationappApplication - No active profile set, falling back to 1 default profile: "default"
2024-07-24 10:36:17 [restartedMain] INFO  o.s.b.d.e.DevToolsPropertyDefaultsPostProcessor - Devtools property defaults active! Set 'spring.devtools.add-properties' to 'false' to disable
2024-07-24 10:36:17 [restartedMain] INFO  o.s.b.d.e.DevToolsPropertyDefaultsPostProcessor - For additional web related logging consider setting the 'logging.level.web' property to 'DEBUG'
2024-07-24 10:36:17 [restartedMain] INFO  o.s.d.r.c.RepositoryConfigurationDelegate - Multiple Spring Data modules found, entering strict repository configuration mode
2024-07-24 10:36:17 [restartedMain] INFO  o.s.d.r.c.RepositoryConfigurationDelegate - Bootstrapping Spring Data Redis repositories in DEFAULT mode.
2024-07-24 10:36:17 [restartedMain] INFO  o.s.d.r.c.RepositoryConfigurationDelegate - Finished Spring Data repository scanning in 9 ms. Found 0 Redis repository interfaces.
2024-07-24 10:36:18 [restartedMain] INFO  o.s.b.w.e.tomcat.TomcatWebServer - Tomcat initialized with port 8060 (http)
2024-07-24 10:36:18 [restartedMain] INFO  o.a.coyote.http11.Http11NioProtocol - Initializing ProtocolHandler ["http-nio-8060"]
2024-07-24 10:36:18 [restartedMain] INFO  o.a.catalina.core.StandardService - Starting service [Tomcat]
2024-07-24 10:36:18 [restartedMain] INFO  o.a.catalina.core.StandardEngine - Starting Servlet engine: [Apache Tomcat/10.1.25]
2024-07-24 10:36:18 [restartedMain] INFO  o.a.c.c.C.[Tomcat].[localhost].[/] - Initializing Spring embedded WebApplicationContext
2024-07-24 10:36:18 [restartedMain] INFO  o.s.b.w.s.c.ServletWebServerApplicationContext - Root WebApplicationContext: initialization completed in 1467 ms
2024-07-24 10:36:19 [restartedMain] INFO  o.s.b.d.a.OptionalLiveReloadServer - LiveReload server is running on port 35729
2024-07-24 10:36:19 [restartedMain] INFO  o.a.coyote.http11.Http11NioProtocol - Starting ProtocolHandler ["http-nio-8060"]
2024-07-24 10:36:19 [restartedMain] INFO  o.s.b.w.e.tomcat.TomcatWebServer - Tomcat started on port 8060 (http) with context path '/'
2024-07-24 10:36:19 [restartedMain] INFO  c.a.a.AuthenticationappApplication - Started AuthenticationappApplication in 2.985 seconds (process running for 3.359)
2024-07-24 10:36:54 [http-nio-8060-exec-1] INFO  o.a.c.c.C.[Tomcat].[localhost].[/] - Initializing Spring DispatcherServlet 'dispatcherServlet'
2024-07-24 10:36:54 [http-nio-8060-exec-1] INFO  o.s.web.servlet.DispatcherServlet - Initializing Servlet 'dispatcherServlet'
2024-07-24 10:36:54 [http-nio-8060-exec-1] INFO  o.s.web.servlet.DispatcherServlet - Completed initialization in 0 ms
2024-07-24 10:48:56 [restartedMain] INFO  c.a.a.AuthenticationappApplication - Starting AuthenticationappApplication using Java 17.0.11 with PID 22076 (C:\Users\mumuhoza\dev\Authentication_App\target\classes started by mumuhoza in C:\Users\mumuhoza\dev\Authentication_App)
2024-07-24 10:48:56 [restartedMain] INFO  c.a.a.AuthenticationappApplication - No active profile set, falling back to 1 default profile: "default"
2024-07-24 10:48:56 [restartedMain] INFO  o.s.b.d.e.DevToolsPropertyDefaultsPostProcessor - Devtools property defaults active! Set 'spring.devtools.add-properties' to 'false' to disable
2024-07-24 10:48:56 [restartedMain] INFO  o.s.b.d.e.DevToolsPropertyDefaultsPostProcessor - For additional web related logging consider setting the 'logging.level.web' property to 'DEBUG'
2024-07-24 10:48:57 [restartedMain] INFO  o.s.d.r.c.RepositoryConfigurationDelegate - Multiple Spring Data modules found, entering strict repository configuration mode
2024-07-24 10:48:57 [restartedMain] INFO  o.s.d.r.c.RepositoryConfigurationDelegate - Bootstrapping Spring Data Redis repositories in DEFAULT mode.
2024-07-24 10:48:57 [restartedMain] INFO  o.s.d.r.c.RepositoryConfigurationDelegate - Finished Spring Data repository scanning in 12 ms. Found 0 Redis repository interfaces.
2024-07-24 10:48:57 [restartedMain] INFO  o.s.b.w.e.tomcat.TomcatWebServer - Tomcat initialized with port 8060 (http)
2024-07-24 10:48:58 [restartedMain] INFO  o.a.coyote.http11.Http11NioProtocol - Initializing ProtocolHandler ["http-nio-8060"]
2024-07-24 10:48:58 [restartedMain] INFO  o.a.catalina.core.StandardService - Starting service [Tomcat]
2024-07-24 10:48:58 [restartedMain] INFO  o.a.catalina.core.StandardEngine - Starting Servlet engine: [Apache Tomcat/10.1.25]
2024-07-24 10:48:58 [restartedMain] INFO  o.a.c.c.C.[Tomcat].[localhost].[/] - Initializing Spring embedded WebApplicationContext
2024-07-24 10:48:58 [restartedMain] INFO  o.s.b.w.s.c.ServletWebServerApplicationContext - Root WebApplicationContext: initialization completed in 1406 ms
2024-07-24 10:48:58 [restartedMain] INFO  o.s.b.d.a.OptionalLiveReloadServer - LiveReload server is running on port 35729
2024-07-24 10:48:59 [restartedMain] INFO  o.a.coyote.http11.Http11NioProtocol - Starting ProtocolHandler ["http-nio-8060"]
2024-07-24 10:48:59 [restartedMain] INFO  o.s.b.w.e.tomcat.TomcatWebServer - Tomcat started on port 8060 (http) with context path '/'
2024-07-24 10:48:59 [restartedMain] INFO  c.a.a.AuthenticationappApplication - Started AuthenticationappApplication in 2.956 seconds (process running for 3.391)
2024-07-24 10:49:06 [http-nio-8060-exec-5] INFO  o.a.c.c.C.[Tomcat].[localhost].[/] - Initializing Spring DispatcherServlet 'dispatcherServlet'
2024-07-24 10:49:06 [http-nio-8060-exec-5] INFO  o.s.web.servlet.DispatcherServlet - Initializing Servlet 'dispatcherServlet'
2024-07-24 10:49:06 [http-nio-8060-exec-5] INFO  o.s.web.servlet.DispatcherServlet - Completed initialization in 1 ms
2024-07-24 10:49:06 [http-nio-8060-exec-5] INFO  c.a.a.Service.AppLogger - User ciradukunda login attempt
2024-07-24 10:53:22 [restartedMain] INFO  c.a.a.AuthenticationappApplication - Starting AuthenticationappApplication using Java 17.0.11 with PID 14732 (C:\Users\mumuhoza\dev\Authentication_App\target\classes started by mumuhoza in C:\Users\mumuhoza\dev\Authentication_App)
2024-07-24 10:53:22 [restartedMain] INFO  c.a.a.AuthenticationappApplication - No active profile set, falling back to 1 default profile: "default"
2024-07-24 10:53:22 [restartedMain] INFO  o.s.b.d.e.DevToolsPropertyDefaultsPostProcessor - Devtools property defaults active! Set 'spring.devtools.add-properties' to 'false' to disable
2024-07-24 10:53:22 [restartedMain] INFO  o.s.b.d.e.DevToolsPropertyDefaultsPostProcessor - For additional web related logging consider setting the 'logging.level.web' property to 'DEBUG'
2024-07-24 10:53:23 [restartedMain] INFO  o.s.d.r.c.RepositoryConfigurationDelegate - Multiple Spring Data modules found, entering strict repository configuration mode
2024-07-24 10:53:23 [restartedMain] INFO  o.s.d.r.c.RepositoryConfigurationDelegate - Bootstrapping Spring Data Redis repositories in DEFAULT mode.
2024-07-24 10:53:23 [restartedMain] INFO  o.s.d.r.c.RepositoryConfigurationDelegate - Finished Spring Data repository scanning in 15 ms. Found 0 Redis repository interfaces.
2024-07-24 10:53:23 [restartedMain] INFO  o.s.b.w.e.tomcat.TomcatWebServer - Tomcat initialized with port 8060 (http)
2024-07-24 10:53:23 [restartedMain] INFO  o.a.coyote.http11.Http11NioProtocol - Initializing ProtocolHandler ["http-nio-8060"]
2024-07-24 10:53:23 [restartedMain] INFO  o.a.catalina.core.StandardService - Starting service [Tomcat]
2024-07-24 10:53:23 [restartedMain] INFO  o.a.catalina.core.StandardEngine - Starting Servlet engine: [Apache Tomcat/10.1.25]
2024-07-24 10:53:23 [restartedMain] INFO  o.a.c.c.C.[Tomcat].[localhost].[/] - Initializing Spring embedded WebApplicationContext
2024-07-24 10:53:23 [restartedMain] INFO  o.s.b.w.s.c.ServletWebServerApplicationContext - Root WebApplicationContext: initialization completed in 1501 ms
2024-07-24 10:53:24 [restartedMain] INFO  o.s.b.d.a.OptionalLiveReloadServer - LiveReload server is running on port 35729
2024-07-24 10:53:24 [restartedMain] INFO  o.a.coyote.http11.Http11NioProtocol - Starting ProtocolHandler ["http-nio-8060"]
2024-07-24 10:53:24 [restartedMain] INFO  o.s.b.w.e.tomcat.TomcatWebServer - Tomcat started on port 8060 (http) with context path '/'
2024-07-24 10:53:24 [restartedMain] INFO  c.a.a.AuthenticationappApplication - Started AuthenticationappApplication in 3.002 seconds (process running for 3.423)
2024-07-24 10:53:41 [http-nio-8060-exec-1] INFO  o.a.c.c.C.[Tomcat].[localhost].[/] - Initializing Spring DispatcherServlet 'dispatcherServlet'
2024-07-24 10:53:41 [http-nio-8060-exec-1] INFO  o.s.web.servlet.DispatcherServlet - Initializing Servlet 'dispatcherServlet'
2024-07-24 10:53:41 [http-nio-8060-exec-1] INFO  o.s.web.servlet.DispatcherServlet - Completed initialization in 1 ms
2024-07-24 10:53:42 [http-nio-8060-exec-1] INFO  c.a.a.Service.AppLogger - Invalid OTP
2024-07-24 10:53:59 [http-nio-8060-exec-4] INFO  c.a.a.Service.AppLogger - User ciradukunda login attempt
2024-07-24 10:54:00 [http-nio-8060-exec-4] INFO  c.a.a.Service.AppLogger - User ciradukunda login successful
2024-07-24 10:54:00 [http-nio-8060-exec-4] INFO  c.a.a.Service.AppLogger - OTP sent
2024-07-24 10:54:21 [http-nio-8060-exec-3] INFO  c.a.a.Service.AppLogger - Invalid OTP
2024-07-24 10:54:26 [http-nio-8060-exec-5] INFO  c.a.a.Service.AppLogger - OTP validated successfully
2024-07-24 11:09:34 [http-nio-809] bla bla bla just testing
